Copyright (c) 1991-1994 by NeoCAD Inc. All rights reserved.
Copyright (c) 1995 AT&T Corp.   All rights reserved.
Copyright (c) 1995-2001 Lucent Technologies Inc.  All rights reserved.
Copyright (c) 2001 Agere Systems   All rights reserved.
Copyright (c) 2002-2015 Lattice Semiconductor Corporation,  All rights reserved.
Fri Apr 10 15:54:45 2020


Command Line:  C:\ispLEVER_Classic2_0\lse/bin/nt/synthesis -f PPS_COUNT.synproj 

Synthesis options:
The -a option is ispMACH400ZE.
The -t option is not used.
The -d option is LC4064ZE.
Using default performance grade 6.
                                                          

##########################################################

### Lattice Family : ispMACH400ZE

### Device  : LC4064ZE

### Package : 

##########################################################

                                                          

Optimization goal = Area
Top-level module name = PPS_COUNT.
WARNING - synthesis: Ignoring Frequency option in Area Mode. Setting to default frequency of 1.0 MHz.
WARNING - synthesis: Ignoring SDC constraints in Area Mode!
Target frequency = 1.000000 MHz.
Timing path count = 3
fsm_encoding_style = auto
resolve_mixed_drivers = 0
Use IO Insertion = TRUE
Resource Sharing = TRUE
Propagate Constants = TRUE
Remove Duplicate Registers = TRUE
Output EDIF file name = PPS_COUNT.edi.
WARNING - synthesis: Option -force_gsr will be set to false when option -output_edif/-ngo are set
The -comp option is FALSE.
The -syn option is FALSE.
VHDL library = work
VHDL design file = pps_count.vhd
-sdc option: SDC file input not used.
-lpf option: Output file option is not used.
Hardtimer checking is enabled (default). The -dt option is not used.
The -r option is OFF. [ Remove LOC Properties is OFF. ]
Technology check ok...

Analyzing Verilog file C:/ispLEVER_Classic2_0/lse/userware/NT/SYNTHESIS_HEADERS/mach.v. VERI-1482
Compile design.
Compile Design Begin
INFO - synthesis: The default VHDL library search path is now "C:/Users/alanlow/Documents/GitHub/CPLD_FPGA/LATTICE". VHDL-1504
Analyzing VHDL file pps_count.vhd. VHDL-1481
INFO - synthesis: pps_count.vhd(6): analyzing entity pps_count. VHDL-1012
INFO - synthesis: pps_count.vhd(14): analyzing architecture up_count. VHDL-1010
unit PPS_COUNT is not yet analyzed. VHDL-1485
pps_count.vhd(6): executing PPS_COUNT(UP_COUNT)

WARNING - synthesis: pps_count.vhd(11): replacing existing netlist PPS_COUNT(UP_COUNT). VHDL-1205
Top module name (VHDL): PPS_COUNT
Loading NGL library 'C:/ispLEVER_Classic2_0/lse/xo2c00/data/xo2clib.ngl'...
Loading NGL library 'C:/ispLEVER_Classic2_0/lse/or5g00/data/orc5glib.ngl'...
Loading device for application map from file 'xo2c640.nph' in environment: C:/ispLEVER_Classic2_0/lse.
Package Status:                     Final          Version 1.36.
Top-level module name = PPS_COUNT.



Applying 1.000000 MHz constraint to all clocks

WARNING - synthesis: No .lpf file will be written because the -lpf option is not used or is set to zero.
Results of NGD DRC are available in PPS_COUNT_drc.log.

################### Begin Area Report (PPS_COUNT)######################
Number of register bits => 24 of 880 (2 % )
AND2 => 22
DFFR => 24
GND => 1
IBUF => 2
INV => 1
OBUF => 24
VCC => 1
XOR2 => 23
################### End Area Report ##################

################### Begin Clock Report ######################
Clock Nets
Number of Clocks: 1
  Net : pps_c, loads : 24
Clock Enable Nets
Number of Clock Enables: 0
Top 0 highest fanout Clock Enables:
Highest fanout non-clock nets
Top 10 highest fanout non-clock nets:
  Net : nclr_c, loads : 24
  Net : pcnt_c_0, loads : 4
  Net : pcnt_c_22, loads : 3
  Net : pcnt_c_21, loads : 3
  Net : pcnt_c_20, loads : 3
  Net : pcnt_c_19, loads : 3
  Net : pcnt_c_18, loads : 3
  Net : pcnt_c_17, loads : 3
  Net : pcnt_c_16, loads : 3
  Net : pcnt_c_15, loads : 3
################### End Clock Report ##################

Timing Report Summary
--------------
--------------------------------------------------------------------------------
Constraint                              |   Constraint|       Actual|Levels
--------------------------------------------------------------------------------
                                        |             |             |
create_clock -period 1000.000000 -name  |             |             |
clk0 [get_nets pps_c]                   |            -|            -|     0  
                                        |             |             |
--------------------------------------------------------------------------------


All constraints were met.


Peak Memory Usage: 39.461  MB

--------------------------------------------------------------
Elapsed CPU time for LSE flow : 0.469  secs
--------------------------------------------------------------
